[2024-11-17T12:36:13.177+0000] {local_task_job_runner.py:123} INFO - ::group::Pre task execution logs
[2024-11-17T12:36:13.188+0000] {taskinstance.py:2613} INFO - Dependencies all met for dep_context=non-requeueable deps ti=<TaskInstance: etl_dag_your_name.extract manual__2024-11-17T12:31:09.822421+00:00 [queued]>
[2024-11-17T12:36:13.193+0000] {taskinstance.py:2613} INFO - Dependencies all met for dep_context=requeueable deps ti=<TaskInstance: etl_dag_your_name.extract manual__2024-11-17T12:31:09.822421+00:00 [queued]>
[2024-11-17T12:36:13.194+0000] {taskinstance.py:2866} INFO - Starting attempt 2 of 2
[2024-11-17T12:36:13.203+0000] {taskinstance.py:2889} INFO - Executing <Task(PythonOperator): extract> on 2024-11-17 12:31:09.822421+00:00
[2024-11-17T12:36:13.207+0000] {warnings.py:112} WARNING - /home/***/.local/lib/python3.12/site-packages/***/task/task_runner/standard_task_runner.py:70: DeprecationWarning: This process (pid=159) is multi-threaded, use of fork() may lead to deadlocks in the child.
  pid = os.fork()

[2024-11-17T12:36:13.208+0000] {standard_task_runner.py:72} INFO - Started process 161 to run task
[2024-11-17T12:36:13.209+0000] {standard_task_runner.py:104} INFO - Running: ['***', 'tasks', 'run', 'etl_dag_your_name', 'extract', 'manual__2024-11-17T12:31:09.822421+00:00', '--job-id', '26', '--raw', '--subdir', 'DAGS_FOLDER/etl_dag.py', '--cfg-path', '/tmp/tmp0ozhztiz']
[2024-11-17T12:36:13.209+0000] {standard_task_runner.py:105} INFO - Job 26: Subtask extract
[2024-11-17T12:36:13.239+0000] {task_command.py:467} INFO - Running <TaskInstance: etl_dag_your_name.extract manual__2024-11-17T12:31:09.822421+00:00 [running]> on host 3f6b2cd8cbcb
[2024-11-17T12:36:13.290+0000] {taskinstance.py:3132} INFO - Exporting env vars: AIRFLOW_CTX_DAG_OWNER='Your Name' AIRFLOW_CTX_DAG_ID='etl_dag_your_name' AIRFLOW_CTX_TASK_ID='extract' AIRFLOW_CTX_EXECUTION_DATE='2024-11-17T12:31:09.822421+00:00' AIRFLOW_CTX_TRY_NUMBER='2' AIRFLOW_CTX_DAG_RUN_ID='manual__2024-11-17T12:31:09.822421+00:00'
[2024-11-17T12:36:13.291+0000] {logging_mixin.py:190} INFO - Task instance is in running state
[2024-11-17T12:36:13.292+0000] {logging_mixin.py:190} INFO -  Previous state of the Task instance: queued
[2024-11-17T12:36:13.292+0000] {logging_mixin.py:190} INFO - Current task name:extract state:running start_date:2024-11-17 12:36:13.189197+00:00
[2024-11-17T12:36:13.292+0000] {logging_mixin.py:190} INFO - Dag name:etl_dag_your_name and current dag run status:running
[2024-11-17T12:36:13.293+0000] {taskinstance.py:731} INFO - ::endgroup::
[2024-11-17T12:36:17.243+0000] {python.py:240} INFO - Done. Returned value was: None
[2024-11-17T12:36:17.250+0000] {taskinstance.py:340} INFO - ::group::Post task execution logs
[2024-11-17T12:36:17.251+0000] {taskinstance.py:352} INFO - Marking task as SUCCESS. dag_id=etl_dag_your_name, task_id=extract, run_id=manual__2024-11-17T12:31:09.822421+00:00, execution_date=20241117T123109, start_date=20241117T123613, end_date=20241117T123617
[2024-11-17T12:36:17.260+0000] {logging_mixin.py:190} INFO - Task instance in success state
[2024-11-17T12:36:17.261+0000] {logging_mixin.py:190} INFO -  Previous state of the Task instance: running
[2024-11-17T12:36:17.261+0000] {logging_mixin.py:190} INFO - Dag name:etl_dag_your_name queued_at:2024-11-17 12:31:09.834993+00:00
[2024-11-17T12:36:17.261+0000] {logging_mixin.py:190} INFO - Task hostname:3f6b2cd8cbcb operator:PythonOperator
[2024-11-17T12:36:17.274+0000] {local_task_job_runner.py:266} INFO - Task exited with return code 0
[2024-11-17T12:36:17.292+0000] {taskinstance.py:3895} INFO - 1 downstream tasks scheduled from follow-on schedule check
[2024-11-17T12:36:17.294+0000] {local_task_job_runner.py:245} INFO - ::endgroup::
