[2024-11-17T12:34:52.199+0000] {local_task_job_runner.py:123} INFO - ::group::Pre task execution logs
[2024-11-17T12:34:52.216+0000] {taskinstance.py:2613} INFO - Dependencies all met for dep_context=non-requeueable deps ti=<TaskInstance: etl_dag_your_name.extract manual__2024-11-17T12:34:49.148914+00:00 [queued]>
[2024-11-17T12:34:52.224+0000] {taskinstance.py:2613} INFO - Dependencies all met for dep_context=requeueable deps ti=<TaskInstance: etl_dag_your_name.extract manual__2024-11-17T12:34:49.148914+00:00 [queued]>
[2024-11-17T12:34:52.225+0000] {taskinstance.py:2866} INFO - Starting attempt 1 of 2
[2024-11-17T12:34:52.372+0000] {taskinstance.py:2889} INFO - Executing <Task(PythonOperator): extract> on 2024-11-17 12:34:49.148914+00:00
[2024-11-17T12:34:52.377+0000] {warnings.py:112} WARNING - /home/***/.local/lib/python3.12/site-packages/***/task/task_runner/standard_task_runner.py:70: DeprecationWarning: This process (pid=94) is multi-threaded, use of fork() may lead to deadlocks in the child.
  pid = os.fork()

[2024-11-17T12:34:52.379+0000] {standard_task_runner.py:72} INFO - Started process 96 to run task
[2024-11-17T12:34:52.379+0000] {standard_task_runner.py:104} INFO - Running: ['***', 'tasks', 'run', 'etl_dag_your_name', 'extract', 'manual__2024-11-17T12:34:49.148914+00:00', '--job-id', '23', '--raw', '--subdir', 'DAGS_FOLDER/etl_dag.py', '--cfg-path', '/tmp/tmpzy1k3ntr']
[2024-11-17T12:34:52.380+0000] {standard_task_runner.py:105} INFO - Job 23: Subtask extract
[2024-11-17T12:34:52.414+0000] {task_command.py:467} INFO - Running <TaskInstance: etl_dag_your_name.extract manual__2024-11-17T12:34:49.148914+00:00 [running]> on host 3f6b2cd8cbcb
[2024-11-17T12:34:52.471+0000] {taskinstance.py:3132} INFO - Exporting env vars: AIRFLOW_CTX_DAG_OWNER='Your Name' AIRFLOW_CTX_DAG_ID='etl_dag_your_name' AIRFLOW_CTX_TASK_ID='extract' AIRFLOW_CTX_EXECUTION_DATE='2024-11-17T12:34:49.148914+00:00' AIRFLOW_CTX_TRY_NUMBER='1' AIRFLOW_CTX_DAG_RUN_ID='manual__2024-11-17T12:34:49.148914+00:00'
[2024-11-17T12:34:52.472+0000] {logging_mixin.py:190} INFO - Task instance is in running state
[2024-11-17T12:34:52.472+0000] {logging_mixin.py:190} INFO -  Previous state of the Task instance: queued
[2024-11-17T12:34:52.472+0000] {logging_mixin.py:190} INFO - Current task name:extract state:running start_date:2024-11-17 12:34:52.217594+00:00
[2024-11-17T12:34:52.473+0000] {logging_mixin.py:190} INFO - Dag name:etl_dag_your_name and current dag run status:running
[2024-11-17T12:34:52.473+0000] {taskinstance.py:731} INFO - ::endgroup::
[2024-11-17T12:34:56.475+0000] {python.py:240} INFO - Done. Returned value was: None
[2024-11-17T12:34:56.482+0000] {taskinstance.py:340} INFO - ::group::Post task execution logs
[2024-11-17T12:34:56.483+0000] {taskinstance.py:352} INFO - Marking task as SUCCESS. dag_id=etl_dag_your_name, task_id=extract, run_id=manual__2024-11-17T12:34:49.148914+00:00, execution_date=20241117T123449, start_date=20241117T123452, end_date=20241117T123456
[2024-11-17T12:34:56.490+0000] {logging_mixin.py:190} INFO - Task instance in success state
[2024-11-17T12:34:56.490+0000] {logging_mixin.py:190} INFO -  Previous state of the Task instance: running
[2024-11-17T12:34:56.491+0000] {logging_mixin.py:190} INFO - Dag name:etl_dag_your_name queued_at:2024-11-17 12:34:49.160880+00:00
[2024-11-17T12:34:56.491+0000] {logging_mixin.py:190} INFO - Task hostname:3f6b2cd8cbcb operator:PythonOperator
[2024-11-17T12:34:56.525+0000] {local_task_job_runner.py:266} INFO - Task exited with return code 0
[2024-11-17T12:34:56.545+0000] {taskinstance.py:3895} INFO - 1 downstream tasks scheduled from follow-on schedule check
[2024-11-17T12:34:56.546+0000] {local_task_job_runner.py:245} INFO - ::endgroup::
