[2024-11-17T12:36:21.456+0000] {local_task_job_runner.py:123} INFO - ::group::Pre task execution logs
[2024-11-17T12:36:21.471+0000] {taskinstance.py:2613} INFO - Dependencies all met for dep_context=non-requeueable deps ti=<TaskInstance: etl_dag_your_name.load manual__2024-11-17T12:31:09.822421+00:00 [queued]>
[2024-11-17T12:36:21.478+0000] {taskinstance.py:2613} INFO - Dependencies all met for dep_context=requeueable deps ti=<TaskInstance: etl_dag_your_name.load manual__2024-11-17T12:31:09.822421+00:00 [queued]>
[2024-11-17T12:36:21.479+0000] {taskinstance.py:2866} INFO - Starting attempt 1 of 2
[2024-11-17T12:36:21.490+0000] {taskinstance.py:2889} INFO - Executing <Task(PythonOperator): load> on 2024-11-17 12:31:09.822421+00:00
[2024-11-17T12:36:21.497+0000] {warnings.py:112} WARNING - /home/***/.local/lib/python3.12/site-packages/***/task/task_runner/standard_task_runner.py:70: DeprecationWarning: This process (pid=200) is multi-threaded, use of fork() may lead to deadlocks in the child.
  pid = os.fork()

[2024-11-17T12:36:21.498+0000] {standard_task_runner.py:104} INFO - Running: ['***', 'tasks', 'run', 'etl_dag_your_name', 'load', 'manual__2024-11-17T12:31:09.822421+00:00', '--job-id', '28', '--raw', '--subdir', 'DAGS_FOLDER/etl_dag.py', '--cfg-path', '/tmp/tmppzeiute3']
[2024-11-17T12:36:21.499+0000] {standard_task_runner.py:72} INFO - Started process 202 to run task
[2024-11-17T12:36:21.499+0000] {standard_task_runner.py:105} INFO - Job 28: Subtask load
[2024-11-17T12:36:21.539+0000] {task_command.py:467} INFO - Running <TaskInstance: etl_dag_your_name.load manual__2024-11-17T12:31:09.822421+00:00 [running]> on host 3f6b2cd8cbcb
[2024-11-17T12:36:21.606+0000] {taskinstance.py:3132} INFO - Exporting env vars: AIRFLOW_CTX_DAG_OWNER='Your Name' AIRFLOW_CTX_DAG_ID='etl_dag_your_name' AIRFLOW_CTX_TASK_ID='load' AIRFLOW_CTX_EXECUTION_DATE='2024-11-17T12:31:09.822421+00:00' AIRFLOW_CTX_TRY_NUMBER='1' AIRFLOW_CTX_DAG_RUN_ID='manual__2024-11-17T12:31:09.822421+00:00'
[2024-11-17T12:36:21.607+0000] {logging_mixin.py:190} INFO - Task instance is in running state
[2024-11-17T12:36:21.608+0000] {logging_mixin.py:190} INFO -  Previous state of the Task instance: queued
[2024-11-17T12:36:21.608+0000] {logging_mixin.py:190} INFO - Current task name:load state:running start_date:2024-11-17 12:36:21.472118+00:00
[2024-11-17T12:36:21.609+0000] {logging_mixin.py:190} INFO - Dag name:etl_dag_your_name and current dag run status:running
[2024-11-17T12:36:21.609+0000] {taskinstance.py:731} INFO - ::endgroup::
[2024-11-17T12:36:21.842+0000] {python.py:240} INFO - Done. Returned value was: None
[2024-11-17T12:36:21.851+0000] {taskinstance.py:340} INFO - ::group::Post task execution logs
[2024-11-17T12:36:21.852+0000] {taskinstance.py:352} INFO - Marking task as SUCCESS. dag_id=etl_dag_your_name, task_id=load, run_id=manual__2024-11-17T12:31:09.822421+00:00, execution_date=20241117T123109, start_date=20241117T123621, end_date=20241117T123621
[2024-11-17T12:36:21.871+0000] {logging_mixin.py:190} INFO - Task instance in success state
[2024-11-17T12:36:21.872+0000] {logging_mixin.py:190} INFO -  Previous state of the Task instance: running
[2024-11-17T12:36:21.872+0000] {logging_mixin.py:190} INFO - Dag name:etl_dag_your_name queued_at:2024-11-17 12:31:09.834993+00:00
[2024-11-17T12:36:21.872+0000] {logging_mixin.py:190} INFO - Task hostname:3f6b2cd8cbcb operator:PythonOperator
[2024-11-17T12:36:21.914+0000] {local_task_job_runner.py:266} INFO - Task exited with return code 0
[2024-11-17T12:36:21.928+0000] {taskinstance.py:3895} INFO - 0 downstream tasks scheduled from follow-on schedule check
[2024-11-17T12:36:21.930+0000] {local_task_job_runner.py:245} INFO - ::endgroup::
