[2024-11-17T12:36:19.366+0000] {local_task_job_runner.py:123} INFO - ::group::Pre task execution logs
[2024-11-17T12:36:19.383+0000] {taskinstance.py:2613} INFO - Dependencies all met for dep_context=non-requeueable deps ti=<TaskInstance: etl_dag_your_name.transform manual__2024-11-17T12:31:09.822421+00:00 [queued]>
[2024-11-17T12:36:19.391+0000] {taskinstance.py:2613} INFO - Dependencies all met for dep_context=requeueable deps ti=<TaskInstance: etl_dag_your_name.transform manual__2024-11-17T12:31:09.822421+00:00 [queued]>
[2024-11-17T12:36:19.392+0000] {taskinstance.py:2866} INFO - Starting attempt 1 of 2
[2024-11-17T12:36:19.402+0000] {taskinstance.py:2889} INFO - Executing <Task(PythonOperator): transform> on 2024-11-17 12:31:09.822421+00:00
[2024-11-17T12:36:19.408+0000] {warnings.py:112} WARNING - /home/***/.local/lib/python3.12/site-packages/***/task/task_runner/standard_task_runner.py:70: DeprecationWarning: This process (pid=175) is multi-threaded, use of fork() may lead to deadlocks in the child.
  pid = os.fork()

[2024-11-17T12:36:19.409+0000] {standard_task_runner.py:72} INFO - Started process 177 to run task
[2024-11-17T12:36:19.410+0000] {standard_task_runner.py:104} INFO - Running: ['***', 'tasks', 'run', 'etl_dag_your_name', 'transform', 'manual__2024-11-17T12:31:09.822421+00:00', '--job-id', '27', '--raw', '--subdir', 'DAGS_FOLDER/etl_dag.py', '--cfg-path', '/tmp/tmpodr87dvr']
[2024-11-17T12:36:19.411+0000] {standard_task_runner.py:105} INFO - Job 27: Subtask transform
[2024-11-17T12:36:19.443+0000] {task_command.py:467} INFO - Running <TaskInstance: etl_dag_your_name.transform manual__2024-11-17T12:31:09.822421+00:00 [running]> on host 3f6b2cd8cbcb
[2024-11-17T12:36:19.505+0000] {taskinstance.py:3132} INFO - Exporting env vars: AIRFLOW_CTX_DAG_OWNER='Your Name' AIRFLOW_CTX_DAG_ID='etl_dag_your_name' AIRFLOW_CTX_TASK_ID='transform' AIRFLOW_CTX_EXECUTION_DATE='2024-11-17T12:31:09.822421+00:00' AIRFLOW_CTX_TRY_NUMBER='1' AIRFLOW_CTX_DAG_RUN_ID='manual__2024-11-17T12:31:09.822421+00:00'
[2024-11-17T12:36:19.506+0000] {logging_mixin.py:190} INFO - Task instance is in running state
[2024-11-17T12:36:19.507+0000] {logging_mixin.py:190} INFO -  Previous state of the Task instance: queued
[2024-11-17T12:36:19.507+0000] {logging_mixin.py:190} INFO - Current task name:transform state:running start_date:2024-11-17 12:36:19.383840+00:00
[2024-11-17T12:36:19.507+0000] {logging_mixin.py:190} INFO - Dag name:etl_dag_your_name and current dag run status:running
[2024-11-17T12:36:19.508+0000] {taskinstance.py:731} INFO - ::endgroup::
[2024-11-17T12:36:20.097+0000] {logging_mixin.py:190} WARNING -   0%|          | 0/10 [00:00<?, ?it/s]
[2024-11-17T12:36:20.102+0000] {logging_mixin.py:190} WARNING - 100%|##########| 10/10 [00:00<00:00, 2591.16it/s]
[2024-11-17T12:36:20.123+0000] {python.py:240} INFO - Done. Returned value was: None
[2024-11-17T12:36:20.130+0000] {taskinstance.py:340} INFO - ::group::Post task execution logs
[2024-11-17T12:36:20.131+0000] {taskinstance.py:352} INFO - Marking task as SUCCESS. dag_id=etl_dag_your_name, task_id=transform, run_id=manual__2024-11-17T12:31:09.822421+00:00, execution_date=20241117T123109, start_date=20241117T123619, end_date=20241117T123620
[2024-11-17T12:36:20.138+0000] {logging_mixin.py:190} INFO - Task instance in success state
[2024-11-17T12:36:20.138+0000] {logging_mixin.py:190} INFO -  Previous state of the Task instance: running
[2024-11-17T12:36:20.139+0000] {logging_mixin.py:190} INFO - Dag name:etl_dag_your_name queued_at:2024-11-17 12:31:09.834993+00:00
[2024-11-17T12:36:20.139+0000] {logging_mixin.py:190} INFO - Task hostname:3f6b2cd8cbcb operator:PythonOperator
[2024-11-17T12:36:20.186+0000] {local_task_job_runner.py:266} INFO - Task exited with return code 0
[2024-11-17T12:36:20.199+0000] {taskinstance.py:3895} INFO - 0 downstream tasks scheduled from follow-on schedule check
[2024-11-17T12:36:20.201+0000] {local_task_job_runner.py:245} INFO - ::endgroup::
